mode: set
github.com/francky-d/announce-crud/handlers.go:10.73,13.16 3 1
github.com/francky-d/announce-crud/handlers.go:13.16,16.3 2 0
github.com/francky-d/announce-crud/handlers.go:17.2,17.29 1 1
github.com/francky-d/announce-crud/handlers.go:20.75,22.14 2 1
github.com/francky-d/announce-crud/handlers.go:22.14,26.3 3 0
github.com/francky-d/announce-crud/handlers.go:28.2,29.16 2 1
github.com/francky-d/announce-crud/handlers.go:29.16,33.3 3 0
github.com/francky-d/announce-crud/handlers.go:35.2,37.18 2 1
github.com/francky-d/announce-crud/handlers.go:37.18,40.3 2 0
github.com/francky-d/announce-crud/handlers.go:42.2,43.16 2 1
github.com/francky-d/announce-crud/handlers.go:43.16,46.3 2 0
github.com/francky-d/announce-crud/handlers.go:47.2,47.26 1 1
github.com/francky-d/announce-crud/handlers.go:50.67,52.16 2 0
github.com/francky-d/announce-crud/handlers.go:52.16,56.3 3 0
github.com/francky-d/announce-crud/handlers.go:58.2,61.16 3 0
github.com/francky-d/announce-crud/handlers.go:61.16,65.3 3 0
github.com/francky-d/announce-crud/handlers.go:67.2,67.30 1 0
github.com/francky-d/announce-crud/handlers.go:67.30,70.3 2 0
github.com/francky-d/announce-crud/handlers.go:72.2,72.32 1 0
github.com/francky-d/announce-crud/handlers.go:72.32,76.3 3 0
github.com/francky-d/announce-crud/handlers.go:78.2,84.48 5 0
github.com/francky-d/announce-crud/helpers.go:12.32,14.2 1 1
github.com/francky-d/announce-crud/main.go:8.13,12.2 1 0
github.com/francky-d/announce-crud/models.go:11.19,13.2 1 1
github.com/francky-d/announce-crud/models.go:15.32,16.34 1 1
github.com/francky-d/announce-crud/models.go:16.34,17.24 1 1
github.com/francky-d/announce-crud/models.go:17.24,19.4 1 1
github.com/francky-d/announce-crud/models.go:21.2,21.15 1 0
github.com/francky-d/announce-crud/models.go:24.24,31.2 1 1
github.com/francky-d/announce-crud/router.go:7.30,17.2 5 1
